TN:
SF:src/components/AnnotationList/AnnotationItem.tsx
FN:17,AnnotationItem
FN:34,(anonymous_1)
FNF:2
FNH:2
FNDA:34,AnnotationItem
FNDA:2,(anonymous_1)
DA:18,34
DA:20,34
DA:35,2
DA:36,2
LF:4
LH:4
BRDA:17,0,0,34
BRDA:17,1,0,34
BRDA:23,2,0,2
BRDA:23,2,1,32
BRDA:27,3,0,34
BRDA:27,3,1,33
BRDA:31,4,0,34
BRDA:31,4,1,31
BRF:8
BRH:8
end_of_record
TN:
SF:src/components/AnnotationList/AnnotationList.tsx
FN:16,AnnotationList
FN:17,(anonymous_1)
FN:18,(anonymous_2)
FN:19,(anonymous_3)
FN:20,(anonymous_4)
FN:22,(anonymous_5)
FN:23,(anonymous_6)
FN:35,(anonymous_7)
FN:41,(anonymous_8)
FN:42,(anonymous_9)
FNF:10
FNH:10
FNDA:114,AnnotationList
FNDA:344,(anonymous_1)
FNDA:344,(anonymous_2)
FNDA:389,(anonymous_3)
FNDA:389,(anonymous_4)
FNDA:29,(anonymous_5)
FNDA:228,(anonymous_6)
FNDA:27,(anonymous_7)
FNDA:1,(anonymous_8)
FNDA:1,(anonymous_9)
DA:7,2
DA:17,344
DA:18,344
DA:19,389
DA:20,389
DA:22,114
DA:23,228
DA:25,114
DA:36,27
DA:41,1
DA:43,1
DA:44,1
LF:12
LH:12
BRDA:16,0,0,114
BRDA:16,1,0,114
BRDA:17,2,0,344
BRDA:17,2,1,282
BRDA:30,3,0,96
BRDA:30,3,1,18
BRDA:44,4,0,0
BRDA:44,4,1,1
BRF:8
BRH:7
end_of_record
TN:
SF:src/components/ClassificationList/ClassificationList.tsx
FN:17,ClassificationList
FN:25,(anonymous_1)
FN:30,(anonymous_2)
FN:31,(anonymous_3)
FN:52,(anonymous_4)
FN:66,(anonymous_5)
FNF:6
FNH:6
FNDA:20,ClassificationList
FNDA:64,(anonymous_1)
FNDA:6,(anonymous_2)
FNDA:6,(anonymous_3)
FNDA:38,(anonymous_4)
FNDA:5,(anonymous_5)
DA:6,2
DA:25,64
DA:28,20
DA:30,6
DA:31,6
DA:35,20
DA:36,20
DA:37,1
DA:38,2
DA:42,20
DA:53,38
DA:54,38
DA:56,38
DA:66,5
LF:14
LH:14
BRDA:21,0,0,20
BRDA:23,1,0,20
BRDA:25,2,0,64
BRDA:25,2,1,42
BRDA:36,3,0,1
BRDA:36,3,1,19
BRDA:47,4,0,1
BRDA:47,4,1,19
BRDA:62,5,0,6
BRDA:62,5,1,32
BRDA:65,6,0,2
BRDA:65,6,1,36
BRDA:69,7,0,6
BRDA:69,7,1,32
BRDA:70,8,0,6
BRDA:70,8,1,32
BRDA:72,9,0,6
BRDA:72,9,1,32
BRDA:75,10,0,38
BRDA:75,10,1,2
BRDA:80,11,0,38
BRDA:80,11,1,6
BRF:22
BRH:22
end_of_record
TN:
SF:src/components/DataPreview/DataPreview.tsx
FN:18,resolveFormatLabel
FN:28,DataPreview
FN:32,(anonymous_2)
FN:33,(anonymous_3)
FN:35,(anonymous_4)
FN:54,(anonymous_5)
FN:58,(anonymous_6)
FNF:7
FNH:6
FNDA:18,resolveFormatLabel
FNDA:19,DataPreview
FNDA:6,(anonymous_2)
FNDA:18,(anonymous_3)
FNDA:18,(anonymous_4)
FNDA:2,(anonymous_5)
FNDA:0,(anonymous_6)
DA:19,18
DA:20,15
DA:21,11
DA:22,1
DA:23,1
DA:24,2
DA:29,19
DA:31,19
DA:32,6
DA:33,18
DA:35,19
DA:36,18
DA:38,11
DA:39,2
DA:42,9
DA:44,0
DA:46,0
DA:50,9
DA:54,19
DA:55,2
DA:56,2
DA:57,1
DA:58,1
DA:64,19
LF:24
LH:22
BRDA:19,0,0,3
BRDA:19,0,1,15
BRDA:20,1,0,15
BRDA:20,1,1,1
BRDA:20,1,2,1
BRDA:20,1,3,2
BRDA:28,2,0,19
BRDA:28,3,0,19
BRDA:31,4,0,3
BRDA:31,4,1,15
BRDA:36,5,0,7
BRDA:36,5,1,11
BRDA:38,6,0,2
BRDA:38,6,1,9
BRDA:42,7,0,9
BRDA:42,7,1,0
BRDA:42,7,2,9
BRDA:42,7,3,9
BRDA:42,7,4,9
BRDA:74,8,0,3
BRDA:74,8,1,15
BRDA:74,9,0,15
BRDA:74,9,1,3
BRDA:85,10,0,1
BRDA:85,10,1,17
BRDA:89,11,0,11
BRDA:89,11,1,7
BRDA:94,12,0,1
BRDA:94,12,1,6
BRF:29
BRH:28
end_of_record
TN:
SF:src/components/ImageAnnotator/BoundingBoxOverlay.tsx
FN:21,BoundingBoxOverlay
FN:33,(anonymous_1)
FN:45,(anonymous_2)
FN:57,(anonymous_3)
FN:78,(anonymous_4)
FN:95,(anonymous_5)
FN:100,(anonymous_6)
FN:108,(anonymous_7)
FN:137,(anonymous_8)
FN:137,(anonymous_9)
FN:149,(anonymous_10)
FN:154,(anonymous_11)
FN:164,(anonymous_12)
FN:193,(anonymous_13)
FNF:14
FNH:14
FNDA:59,BoundingBoxOverlay
FNDA:118,(anonymous_1)
FNDA:1,(anonymous_2)
FNDA:1,(anonymous_3)
FNDA:1,(anonymous_4)
FNDA:2,(anonymous_5)
FNDA:1,(anonymous_6)
FNDA:9,(anonymous_7)
FNDA:16,(anonymous_8)
FNDA:15,(anonymous_9)
FNDA:1,(anonymous_10)
FNDA:8,(anonymous_11)
FNDA:4,(anonymous_12)
FNDA:8,(anonymous_13)
DA:19,2
DA:33,118
DA:34,59
DA:35,59
DA:44,59
DA:46,1
DA:47,1
DA:48,1
DA:56,59
DA:58,1
DA:59,1
DA:61,1
DA:62,1
DA:64,1
DA:65,1
DA:77,59
DA:79,1
DA:80,0
DA:81,0
DA:82,0
DA:85,0
DA:86,0
DA:88,0
DA:90,0
DA:95,59
DA:96,2
DA:99,59
DA:101,1
DA:102,1
DA:108,59
DA:109,9
DA:120,9
DA:123,59
DA:137,16
DA:138,15
DA:139,15
DA:140,15
DA:142,15
DA:145,15
DA:146,15
DA:148,15
DA:149,1
DA:154,8
DA:165,4
DA:195,8
DA:197,8
DA:198,8
LF:47
LH:40
BRDA:31,0,0,59
BRDA:46,1,0,0
BRDA:46,1,1,1
BRDA:58,2,0,0
BRDA:58,2,1,1
BRDA:58,3,0,1
BRDA:58,3,1,1
BRDA:68,4,0,1
BRDA:68,4,1,1
BRDA:79,5,0,1
BRDA:79,5,1,0
BRDA:85,6,0,0
BRDA:85,6,1,0
BRDA:101,7,0,1
BRDA:101,7,1,0
BRDA:101,8,0,1
BRDA:101,8,1,1
BRDA:120,9,0,9
BRDA:120,9,1,0
BRDA:128,10,0,15
BRDA:128,10,1,44
BRDA:128,11,0,59
BRDA:128,11,1,19
BRDA:129,12,0,1
BRDA:129,12,1,58
BRDA:129,13,0,14
BRDA:129,13,1,44
BRDA:129,14,0,58
BRDA:129,14,1,18
BRDA:139,15,0,15
BRDA:139,15,1,0
BRDA:142,16,0,15
BRDA:142,16,1,2
BRDA:142,16,2,2
BRDA:145,17,0,2
BRDA:145,17,1,13
BRDA:146,18,0,2
BRDA:146,18,1,13
BRDA:150,19,0,2
BRDA:150,19,1,13
BRDA:156,20,0,1
BRDA:156,20,1,1
BRDA:158,21,0,1
BRDA:158,21,1,1
BRDA:160,22,0,2
BRDA:160,22,1,0
BRDA:163,23,0,2
BRDA:163,23,1,1
BRDA:163,23,2,1
BRDA:163,23,3,1
BRDA:185,24,0,2
BRDA:185,24,1,11
BRDA:187,25,0,2
BRDA:187,25,1,11
BRDA:188,26,0,8
BRDA:188,26,1,5
BRDA:191,27,0,13
BRDA:191,27,1,2
BRDA:191,27,2,2
BRDA:191,27,3,2
BRDA:195,28,0,4
BRDA:195,28,1,4
BRDA:197,29,0,4
BRDA:197,29,1,4
BRDA:225,30,0,15
BRDA:225,30,1,0
BRF:66
BRH:56
end_of_record
TN:
SF:src/components/ImageAnnotator/Canvas.tsx
FN:19,Canvas
FN:37,(anonymous_1)
FN:63,(anonymous_2)
FN:68,(anonymous_3)
FN:76,(anonymous_4)
FNF:5
FNH:5
FNDA:63,Canvas
FNDA:66,(anonymous_1)
FNDA:63,(anonymous_2)
FNDA:2,(anonymous_3)
FNDA:1,(anonymous_4)
DA:32,63
DA:33,63
DA:35,63
DA:37,63
DA:38,66
DA:39,66
DA:40,66
DA:41,66
DA:43,66
DA:44,66
DA:46,66
DA:47,53
DA:50,66
DA:51,2
DA:54,66
DA:55,1
DA:58,66
DA:59,2
DA:63,63
DA:64,63
DA:67,63
DA:69,2
DA:70,2
DA:71,2
DA:76,63
DA:77,1
DA:78,1
DA:81,63
LF:28
LH:28
BRDA:29,0,0,63
BRDA:30,1,0,63
BRDA:35,2,0,63
BRDA:35,2,1,0
BRDA:35,3,0,63
BRDA:35,3,1,0
BRDA:39,4,0,0
BRDA:39,4,1,66
BRDA:41,5,0,0
BRDA:41,5,1,66
BRDA:46,6,0,53
BRDA:46,6,1,13
BRDA:50,7,0,2
BRDA:50,7,1,64
BRDA:54,8,0,1
BRDA:54,8,1,65
BRDA:58,9,0,2
BRDA:58,9,1,64
BRDA:58,10,0,66
BRDA:58,10,1,39
BRDA:71,11,0,2
BRDA:71,11,1,0
BRDA:78,12,0,1
BRDA:78,12,1,0
BRDA:90,13,0,1
BRDA:90,13,1,62
BRF:26
BRH:20
end_of_record
TN:
SF:src/components/ImageAnnotator/ImageAnnotator.tsx
FN:29,nextId
FN:33,ImageAnnotatorInner
FN:55,(anonymous_2)
FN:56,(anonymous_3)
FN:57,(anonymous_4)
FN:58,(anonymous_5)
FN:59,(anonymous_6)
FN:60,(anonymous_7)
FN:61,(anonymous_8)
FN:62,(anonymous_9)
FN:63,(anonymous_10)
FN:64,(anonymous_11)
FN:67,(anonymous_12)
FN:73,(anonymous_13)
FN:82,(anonymous_14)
FN:83,(anonymous_15)
FN:87,(anonymous_16)
FN:88,(anonymous_17)
FN:89,(anonymous_18)
FN:91,(anonymous_19)
FN:98,(anonymous_20)
FN:99,(anonymous_21)
FN:108,(anonymous_22)
FN:109,(anonymous_23)
FN:122,(anonymous_24)
FN:129,(anonymous_25)
FN:136,(anonymous_26)
FN:144,(anonymous_27)
FN:151,(anonymous_28)
FN:154,(anonymous_29)
FN:191,(anonymous_30)
FN:195,(anonymous_31)
FN:205,(anonymous_32)
FN:222,(anonymous_33)
FN:237,(anonymous_34)
FN:279,(anonymous_35)
FN:282,(anonymous_36)
FN:286,(anonymous_37)
FN:293,(anonymous_38)
FN:300,(anonymous_39)
FN:319,(anonymous_40)
FN:330,(anonymous_41)
FN:346,(anonymous_42)
FN:352,(anonymous_43)
FN:366,(anonymous_44)
FN:375,(anonymous_45)
FN:390,(anonymous_46)
FN:400,(anonymous_47)
FN:409,(anonymous_48)
FN:528,ImageAnnotator
FNF:50
FNH:43
FNDA:4,nextId
FNDA:152,ImageAnnotatorInner
FNDA:475,(anonymous_2)
FNDA:475,(anonymous_3)
FNDA:475,(anonymous_4)
FNDA:475,(anonymous_5)
FNDA:475,(anonymous_6)
FNDA:475,(anonymous_7)
FNDA:475,(anonymous_8)
FNDA:475,(anonymous_9)
FNDA:475,(anonymous_10)
FNDA:475,(anonymous_11)
FNDA:475,(anonymous_12)
FNDA:32,(anonymous_13)
FNDA:475,(anonymous_14)
FNDA:475,(anonymous_15)
FNDA:427,(anonymous_16)
FNDA:427,(anonymous_17)
FNDA:427,(anonymous_18)
FNDA:427,(anonymous_19)
FNDA:32,(anonymous_20)
FNDA:35,(anonymous_21)
FNDA:64,(anonymous_22)
FNDA:75,(anonymous_23)
FNDA:64,(anonymous_24)
FNDA:46,(anonymous_25)
FNDA:39,(anonymous_26)
FNDA:2,(anonymous_27)
FNDA:4,(anonymous_28)
FNDA:2,(anonymous_29)
FNDA:32,(anonymous_30)
FNDA:0,(anonymous_31)
FNDA:0,(anonymous_32)
FNDA:1,(anonymous_33)
FNDA:0,(anonymous_34)
FNDA:49,(anonymous_35)
FNDA:1,(anonymous_36)
FNDA:46,(anonymous_37)
FNDA:47,(anonymous_38)
FNDA:0,(anonymous_39)
FNDA:3,(anonymous_40)
FNDA:2,(anonymous_41)
FNDA:3,(anonymous_42)
FNDA:0,(anonymous_43)
FNDA:0,(anonymous_44)
FNDA:0,(anonymous_45)
FNDA:2,(anonymous_46)
FNDA:184,(anonymous_47)
FNDA:32,(anonymous_48)
FNDA:32,ImageAnnotator
DA:26,1
DA:28,1
DA:30,4
DA:52,152
DA:54,152
DA:55,475
DA:56,475
DA:57,475
DA:58,475
DA:59,475
DA:60,475
DA:61,475
DA:62,475
DA:63,475
DA:64,475
DA:65,152
DA:67,475
DA:70,152
DA:71,152
DA:72,152
DA:73,152
DA:75,32
DA:76,32
DA:77,32
DA:79,0
DA:82,475
DA:83,475
DA:84,152
DA:86,152
DA:87,427
DA:88,427
DA:89,427
DA:90,152
DA:91,427
DA:94,152
DA:95,152
DA:97,152
DA:99,35
DA:108,152
DA:109,64
DA:110,75
DA:111,32
DA:117,43
DA:122,152
DA:123,64
DA:124,32
DA:129,152
DA:130,46
DA:131,3
DA:136,152
DA:137,39
DA:138,9
DA:142,152
DA:144,152
DA:145,2
DA:146,2
DA:150,152
DA:152,4
DA:153,4
DA:154,2
DA:156,4
DA:157,1
DA:159,3
DA:171,152
DA:182,152
DA:183,152
DA:186,152
DA:191,152
DA:192,32
DA:193,32
DA:195,0
DA:196,0
DA:197,0
DA:198,0
DA:199,0
DA:204,0
DA:205,0
DA:209,152
DA:215,152
DA:218,152
DA:219,152
DA:221,152
DA:223,1
DA:224,1
DA:225,1
DA:226,1
DA:236,152
DA:238,0
DA:239,0
DA:240,0
DA:241,0
DA:253,152
DA:269,152
DA:279,152
DA:280,49
DA:281,1
DA:282,1
DA:286,152
DA:287,46
DA:288,0
DA:293,152
DA:294,47
DA:295,3
DA:299,152
DA:301,0
DA:302,0
DA:308,152
DA:315,152
DA:316,152
DA:318,152
DA:320,3
DA:321,1
DA:322,2
DA:323,2
DA:329,152
DA:331,2
DA:332,1
DA:333,1
DA:334,1
DA:335,1
DA:336,1
DA:337,1
DA:338,1
DA:339,0
DA:340,0
DA:346,152
DA:347,3
DA:348,3
DA:351,152
DA:353,0
DA:355,0
DA:356,0
DA:357,0
DA:360,0
DA:366,0
DA:367,0
DA:368,0
DA:374,152
DA:376,0
DA:378,0
DA:379,0
DA:380,0
DA:382,0
DA:389,152
DA:391,2
DA:392,2
DA:393,2
DA:394,2
DA:400,184
DA:401,152
DA:403,152
DA:408,152
DA:409,152
DA:411,32
DA:414,152
DA:529,32
LF:156
LH:126
BRDA:44,0,0,152
BRDA:45,1,0,152
BRDA:46,2,0,152
BRDA:47,3,0,152
BRDA:48,4,0,152
BRDA:49,5,0,152
BRDA:75,6,0,32
BRDA:75,6,1,0
BRDA:84,7,0,152
BRDA:84,7,1,150
BRDA:91,8,0,427
BRDA:91,8,1,374
BRDA:110,9,0,32
BRDA:110,9,1,43
BRDA:110,10,0,75
BRDA:110,10,1,63
BRDA:123,11,0,32
BRDA:123,11,1,32
BRDA:123,12,0,64
BRDA:123,12,1,32
BRDA:130,13,0,3
BRDA:130,13,1,43
BRDA:130,14,0,46
BRDA:130,14,1,6
BRDA:130,14,2,3
BRDA:137,15,0,9
BRDA:137,15,1,30
BRDA:137,16,0,39
BRDA:137,16,1,9
BRDA:152,17,0,0
BRDA:152,17,1,4
BRDA:152,18,0,4
BRDA:152,18,1,4
BRDA:154,19,0,2
BRDA:154,19,1,2
BRDA:156,20,0,1
BRDA:156,20,1,3
BRDA:175,21,0,8
BRDA:175,21,1,144
BRDA:179,22,0,16
BRDA:179,22,1,136
BRDA:182,23,0,152
BRDA:182,23,1,96
BRDA:183,24,0,152
BRDA:183,24,1,96
BRDA:193,25,0,32
BRDA:193,25,1,0
BRDA:198,26,0,0
BRDA:198,26,1,0
BRDA:198,27,0,0
BRDA:198,27,1,0
BRDA:223,28,0,0
BRDA:223,28,1,1
BRDA:223,29,0,1
BRDA:223,29,1,1
BRDA:225,30,0,0
BRDA:225,30,1,1
BRDA:225,31,0,1
BRDA:225,31,1,1
BRDA:238,32,0,0
BRDA:238,32,1,0
BRDA:238,33,0,0
BRDA:238,33,1,0
BRDA:240,34,0,0
BRDA:240,34,1,0
BRDA:240,35,0,0
BRDA:240,35,1,0
BRDA:280,36,0,48
BRDA:280,36,1,1
BRDA:280,37,0,49
BRDA:280,37,1,1
BRDA:280,37,2,1
BRDA:287,38,0,0
BRDA:287,38,1,46
BRDA:287,39,0,46
BRDA:287,39,1,45
BRDA:294,40,0,3
BRDA:294,40,1,44
BRDA:294,41,0,47
BRDA:294,41,1,6
BRDA:294,41,2,3
BRDA:301,42,0,0
BRDA:301,42,1,0
BRDA:320,43,0,1
BRDA:320,43,1,2
BRDA:322,44,0,2
BRDA:322,44,1,0
BRDA:322,45,0,2
BRDA:322,45,1,2
BRDA:322,45,2,2
BRDA:331,46,0,1
BRDA:331,46,1,1
BRDA:331,47,0,2
BRDA:331,47,1,1
BRDA:337,48,0,1
BRDA:337,48,1,0
BRDA:337,49,0,1
BRDA:337,49,1,1
BRDA:337,49,2,1
BRDA:339,50,0,0
BRDA:339,50,1,0
BRDA:339,51,0,0
BRDA:339,51,1,0
BRDA:339,51,2,0
BRDA:353,52,0,0
BRDA:353,52,1,0
BRDA:353,53,0,0
BRDA:353,53,1,0
BRDA:353,53,2,0
BRDA:355,54,0,0
BRDA:355,54,1,0
BRDA:376,55,0,0
BRDA:376,55,1,0
BRDA:376,56,0,0
BRDA:376,56,1,0
BRDA:376,56,2,0
BRDA:378,57,0,0
BRDA:378,57,1,0
BRDA:391,58,0,2
BRDA:391,58,1,0
BRDA:391,59,0,2
BRDA:391,59,1,0
BRDA:393,60,0,1
BRDA:393,60,1,1
BRDA:401,61,0,152
BRDA:401,61,1,32
BRDA:403,62,0,16
BRDA:403,62,1,136
BRDA:404,63,0,0
BRDA:404,63,1,16
BRDA:405,64,0,119
BRDA:405,64,1,17
BRDA:405,65,0,136
BRDA:405,65,1,126
BRDA:405,65,2,8
BRDA:405,66,0,4
BRDA:405,66,1,13
BRDA:428,67,0,152
BRDA:428,67,1,149
BRDA:428,67,2,16
BRDA:437,68,0,152
BRDA:437,68,1,149
BRDA:437,68,2,133
BRDA:447,69,0,8
BRDA:447,69,1,144
BRDA:461,70,0,95
BRDA:461,70,1,57
BRDA:465,71,0,3
BRDA:465,71,1,54
BRDA:482,72,0,54
BRDA:482,72,1,0
BRDA:486,73,0,43
BRDA:486,73,1,11
BRDA:486,74,0,54
BRDA:486,74,1,50
BRDA:490,75,0,54
BRDA:490,75,1,50
BRDA:490,75,2,43
BRDA:490,75,3,8
BRDA:491,76,0,1
BRDA:491,76,1,53
BRDA:491,77,0,54
BRDA:491,77,1,50
BRDA:491,77,2,43
BRDA:492,78,0,1
BRDA:492,78,1,53
BRDA:492,79,0,54
BRDA:492,79,1,50
BRDA:492,79,2,43
BRDA:494,80,0,54
BRDA:494,80,1,47
BRDA:513,81,0,152
BRDA:513,81,1,1
BRF:173
BRH:128
end_of_record
TN:
SF:src/components/Pagination/Pagination.tsx
FN:11,Pagination
FN:12,(anonymous_1)
FN:13,(anonymous_2)
FN:22,(anonymous_3)
FN:37,(anonymous_4)
FNF:5
FNH:5
FNDA:131,Pagination
FNDA:450,(anonymous_1)
FNDA:450,(anonymous_2)
FNDA:1,(anonymous_3)
FNDA:3,(anonymous_4)
DA:12,450
DA:13,450
DA:15,131
DA:17,21
DA:22,1
DA:37,3
LF:6
LH:6
BRDA:11,0,0,131
BRDA:15,1,0,110
BRDA:15,1,1,21
BRF:3
BRH:3
end_of_record
TN:
SF:src/components/TagManager/TagList.tsx
FN:15,TagList
FN:16,(anonymous_1)
FN:17,(anonymous_2)
FN:18,(anonymous_3)
FN:29,(anonymous_4)
FN:42,(anonymous_5)
FN:56,(anonymous_6)
FN:76,(anonymous_7)
FNF:8
FNH:8
FNDA:194,TagList
FNDA:638,(anonymous_1)
FNDA:638,(anonymous_2)
FNDA:638,(anonymous_3)
FNDA:386,(anonymous_4)
FNDA:1,(anonymous_5)
FNDA:3,(anonymous_6)
FNDA:1,(anonymous_7)
DA:16,638
DA:17,638
DA:18,638
DA:20,194
DA:21,1
DA:24,193
DA:25,193
DA:27,193
DA:30,386
DA:31,386
DA:32,386
DA:36,386
DA:42,1
DA:57,3
DA:58,3
DA:59,1
DA:60,2
DA:61,2
DA:77,1
DA:78,1
LF:20
LH:20
BRDA:15,0,0,194
BRDA:20,1,0,1
BRDA:20,1,1,193
BRDA:31,2,0,2
BRDA:31,2,1,384
BRDA:32,3,0,4
BRDA:32,3,1,382
BRDA:33,4,0,2
BRDA:33,4,1,2
BRDA:33,5,0,4
BRDA:33,5,1,2
BRDA:34,6,0,382
BRDA:34,6,1,0
BRDA:40,7,0,119
BRDA:40,7,1,267
BRDA:46,8,0,386
BRDA:46,8,1,2
BRDA:50,9,0,2
BRDA:50,9,1,384
BRDA:52,10,0,0
BRDA:52,10,1,384
BRDA:58,11,0,1
BRDA:58,11,1,2
BRDA:60,12,0,2
BRDA:60,12,1,0
BRDA:64,13,0,2
BRDA:64,13,1,384
BRDA:64,14,0,0
BRDA:64,14,1,384
BRDA:65,15,0,386
BRDA:65,15,1,384
BRDA:67,16,0,2
BRDA:67,16,1,384
BRDA:73,17,0,386
BRDA:73,17,1,2
BRF:35
BRH:31
end_of_record
TN:
SF:src/components/TagManager/TagManager.tsx
FN:21,TagManager
FN:22,(anonymous_1)
FN:23,(anonymous_2)
FN:29,(anonymous_3)
FN:63,(anonymous_4)
FN:64,(anonymous_5)
FN:74,(anonymous_6)
FN:81,(anonymous_7)
FN:88,(anonymous_8)
FN:97,(anonymous_9)
FNF:10
FNH:9
FNDA:183,TagManager
FNDA:602,(anonymous_1)
FNDA:602,(anonymous_2)
FNDA:2,(anonymous_3)
FNDA:8,(anonymous_4)
FNDA:9,(anonymous_5)
FNDA:104,(anonymous_6)
FNDA:0,(anonymous_7)
FNDA:1,(anonymous_8)
FNDA:4,(anonymous_9)
DA:19,2
DA:22,602
DA:23,602
DA:24,183
DA:25,183
DA:26,183
DA:27,183
DA:29,183
DA:30,2
DA:31,2
DA:32,2
DA:33,2
DA:36,183
DA:63,8
DA:64,9
DA:75,104
DA:81,0
DA:88,1
DA:97,4
LF:19
LH:18
BRDA:21,0,0,183
BRDA:30,1,0,0
BRDA:30,1,1,2
BRDA:30,2,0,2
BRDA:30,2,1,2
BRDA:48,3,0,183
BRDA:48,3,1,27
BRDA:50,4,0,13
BRDA:50,4,1,14
BRDA:64,5,0,9
BRDA:64,5,1,1
BRDA:78,6,0,13
BRDA:78,6,1,91
BRF:13
BRH:12
end_of_record
TN:
SF:src/components/TagManager/TagSearchInput.tsx
FN:12,TagSearchInput
FN:22,(anonymous_1)
FNF:2
FNH:2
FNDA:188,TagSearchInput
FNDA:1,(anonymous_1)
DA:13,188
DA:22,1
LF:2
LH:2
BRDA:12,0,0,188
BRDA:25,1,0,188
BRDA:25,1,1,1
BRF:3
BRH:3
end_of_record
TN:
SF:src/components/Toolbar/LabelSelector.tsx
FN:15,LabelSelector
FN:16,(anonymous_1)
FN:17,(anonymous_2)
FN:18,(anonymous_3)
FN:19,(anonymous_4)
FN:20,(anonymous_5)
FN:21,(anonymous_6)
FN:32,(anonymous_7)
FN:34,(anonymous_8)
FN:36,(anonymous_9)
FN:36,(anonymous_10)
FN:37,(anonymous_11)
FN:40,(anonymous_12)
FN:42,(anonymous_13)
FN:45,(anonymous_14)
FN:48,(anonymous_15)
FN:50,(anonymous_16)
FN:56,(anonymous_17)
FN:59,(anonymous_18)
FN:64,(anonymous_19)
FN:66,(anonymous_20)
FN:72,(anonymous_21)
FN:75,(anonymous_22)
FN:88,(anonymous_23)
FN:93,(anonymous_24)
FN:99,(anonymous_25)
FN:115,(anonymous_26)
FN:141,(anonymous_27)
FN:145,(anonymous_28)
FN:146,(anonymous_29)
FN:161,(anonymous_30)
FN:178,(anonymous_31)
FN:196,(anonymous_32)
FN:202,(anonymous_33)
FN:208,(anonymous_34)
FN:227,(anonymous_35)
FN:242,(anonymous_36)
FN:262,(anonymous_37)
FNF:38
FNH:37
FNDA:175,LabelSelector
FNDA:567,(anonymous_1)
FNDA:567,(anonymous_2)
FNDA:567,(anonymous_3)
FNDA:567,(anonymous_4)
FNDA:567,(anonymous_5)
FNDA:567,(anonymous_6)
FNDA:337,(anonymous_7)
FNDA:54,(anonymous_8)
FNDA:7,(anonymous_9)
FNDA:9,(anonymous_10)
FNDA:7,(anonymous_11)
FNDA:59,(anonymous_12)
FNDA:148,(anonymous_13)
FNDA:9,(anonymous_14)
FNDA:2,(anonymous_15)
FNDA:2,(anonymous_16)
FNDA:69,(anonymous_17)
FNDA:16,(anonymous_18)
FNDA:69,(anonymous_19)
FNDA:7,(anonymous_20)
FNDA:16,(anonymous_21)
FNDA:5,(anonymous_22)
FNDA:1,(anonymous_23)
FNDA:1,(anonymous_24)
FNDA:1,(anonymous_25)
FNDA:16,(anonymous_26)
FNDA:16,(anonymous_27)
FNDA:1,(anonymous_28)
FNDA:1,(anonymous_29)
FNDA:1,(anonymous_30)
FNDA:1,(anonymous_31)
FNDA:3,(anonymous_32)
FNDA:123,(anonymous_33)
FNDA:2,(anonymous_34)
FNDA:103,(anonymous_35)
FNDA:1,(anonymous_36)
FNDA:0,(anonymous_37)
DA:16,567
DA:17,567
DA:18,567
DA:19,567
DA:20,567
DA:21,567
DA:22,175
DA:23,175
DA:24,175
DA:25,175
DA:26,175
DA:29,175
DA:30,175
DA:32,337
DA:34,175
DA:35,54
DA:36,9
DA:37,7
DA:40,175
DA:41,59
DA:42,148
DA:43,59
DA:44,3
DA:45,9
DA:47,59
DA:48,2
DA:49,58
DA:50,2
DA:52,59
DA:56,175
DA:57,69
DA:58,16
DA:59,16
DA:64,175
DA:65,69
DA:66,16
DA:67,7
DA:68,1
DA:71,16
DA:72,16
DA:75,175
DA:76,5
DA:77,5
DA:78,1
DA:79,4
DA:80,1
DA:81,1
DA:85,175
DA:88,175
DA:89,1
DA:90,1
DA:93,175
DA:94,1
DA:95,1
DA:96,1
DA:99,175
DA:100,1
DA:101,1
DA:102,1
DA:103,1
DA:104,1
DA:106,1
DA:107,1
DA:110,175
DA:115,16
DA:142,16
DA:145,1
DA:146,1
DA:162,1
DA:163,1
DA:178,1
DA:196,3
DA:203,123
DA:204,123
DA:208,2
DA:228,103
DA:231,103
DA:243,1
DA:244,1
DA:262,0
LF:80
LH:79
BRDA:15,0,0,175
BRDA:15,1,0,175
BRDA:15,2,0,175
BRDA:43,3,0,3
BRDA:43,3,1,56
BRDA:47,4,0,1
BRDA:47,4,1,58
BRDA:49,5,0,1
BRDA:49,5,1,57
BRDA:57,6,0,16
BRDA:57,6,1,53
BRDA:65,7,0,53
BRDA:65,7,1,16
BRDA:67,8,0,1
BRDA:67,8,1,6
BRDA:67,9,0,7
BRDA:67,9,1,7
BRDA:77,10,0,1
BRDA:77,10,1,4
BRDA:79,11,0,1
BRDA:79,11,1,3
BRDA:79,12,0,4
BRDA:79,12,1,1
BRDA:100,13,0,1
BRDA:100,13,1,0
BRDA:100,14,0,1
BRDA:100,14,1,1
BRDA:100,14,2,1
BRDA:117,15,0,9
BRDA:117,15,1,166
BRDA:122,16,0,175
BRDA:122,16,1,175
BRDA:122,16,2,80
BRDA:128,17,0,175
BRDA:128,17,1,95
BRDA:132,18,0,175
BRDA:132,18,1,41
BRDA:132,18,2,41
BRDA:135,19,0,41
BRDA:135,19,1,11
BRDA:149,20,0,0
BRDA:149,20,1,16
BRDA:152,21,0,2
BRDA:152,21,1,14
BRDA:153,22,0,1
BRDA:153,22,1,15
BRDA:153,23,0,16
BRDA:153,23,1,1
BRDA:153,23,2,1
BRDA:167,24,0,16
BRDA:167,24,1,16
BRDA:203,25,0,41
BRDA:203,25,1,82
BRDA:203,26,0,41
BRDA:203,26,1,41
BRDA:210,27,0,41
BRDA:210,27,1,82
BRDA:224,28,0,0
BRDA:224,28,1,41
BRDA:228,29,0,86
BRDA:228,29,1,17
BRDA:235,30,0,0
BRDA:235,30,1,103
BRDA:248,31,0,103
BRDA:248,31,1,103
BRDA:256,32,0,103
BRDA:256,32,1,86
BRDA:256,32,2,86
BRDA:264,33,0,0
BRDA:264,33,1,103
BRF:70
BRH:65
end_of_record
TN:
SF:src/components/Toolbar/Toolbar.tsx
FN:62,Toolbar
FN:63,(anonymous_1)
FN:64,(anonymous_2)
FN:65,(anonymous_3)
FN:66,(anonymous_4)
FN:67,(anonymous_5)
FN:68,(anonymous_6)
FN:69,(anonymous_7)
FN:70,(anonymous_8)
FN:71,(anonymous_9)
FN:80,(anonymous_10)
FN:92,(anonymous_11)
FN:97,(anonymous_12)
FN:104,(anonymous_13)
FN:109,(anonymous_14)
FN:123,(anonymous_15)
FN:129,(anonymous_16)
FN:139,(anonymous_17)
FNF:18
FNH:18
FNDA:147,Toolbar
FNDA:503,(anonymous_1)
FNDA:503,(anonymous_2)
FNDA:503,(anonymous_3)
FNDA:503,(anonymous_4)
FNDA:503,(anonymous_5)
FNDA:503,(anonymous_6)
FNDA:503,(anonymous_7)
FNDA:503,(anonymous_8)
FNDA:503,(anonymous_9)
FNDA:2,(anonymous_10)
FNDA:246,(anonymous_11)
FNDA:2,(anonymous_12)
FNDA:294,(anonymous_13)
FNDA:5,(anonymous_14)
FNDA:1,(anonymous_15)
FNDA:2,(anonymous_16)
FNDA:2,(anonymous_17)
DA:32,2
DA:47,2
DA:63,503
DA:64,503
DA:65,503
DA:66,503
DA:67,503
DA:68,503
DA:69,503
DA:70,503
DA:71,503
DA:73,147
DA:80,2
DA:93,246
DA:97,2
DA:105,294
DA:109,5
DA:123,1
DA:129,2
DA:139,2
LF:20
LH:20
BRDA:62,0,0,147
BRDA:62,1,0,147
BRDA:62,2,0,147
BRDA:62,3,0,147
BRDA:62,4,0,147
BRDA:62,5,0,147
BRDA:76,6,0,147
BRDA:76,6,1,140
BRDA:79,7,0,4
BRDA:79,7,1,136
BRDA:81,8,0,4
BRDA:81,8,1,136
BRDA:83,9,0,4
BRDA:83,9,1,136
BRDA:91,10,0,147
BRDA:91,10,1,137
BRDA:91,10,2,123
BRDA:96,11,0,115
BRDA:96,11,1,131
BRDA:100,12,0,244
BRDA:100,12,1,2
BRDA:108,13,0,23
BRDA:108,13,1,271
BRDA:112,14,0,292
BRDA:112,14,1,2
BRDA:116,15,0,147
BRDA:116,15,1,118
BRDA:116,15,2,118
BRDA:116,15,3,105
BRDA:138,16,0,2
BRDA:138,16,1,145
BRDA:144,17,0,147
BRDA:144,17,1,8
BRF:33
BRH:33
end_of_record
TN:
SF:src/components/common/Badge.tsx
FN:10,Badge
FNF:1
FNH:1
FNDA:425,Badge
DA:11,425
DA:12,425
LF:2
LH:2
BRDA:10,0,0,425
BRDA:11,1,0,2
BRDA:11,1,1,423
BRF:3
BRH:3
end_of_record
TN:
SF:src/components/common/Button.tsx
FN:9,Button
FNF:1
FNH:1
FNDA:1367,Button
DA:18,1367
DA:20,1367
DA:31,1367
DA:36,1367
DA:40,1367
LF:5
LH:5
BRDA:10,0,0,1367
BRDA:11,1,0,1367
BRDA:13,2,0,1367
BRDA:36,3,0,1
BRDA:36,3,1,1366
BRF:5
BRH:5
end_of_record
TN:
SF:src/components/common/Icons.tsx
FN:17,IconPencil
FN:26,IconCursor
FN:35,IconHand
FN:46,IconZoomIn
FN:55,IconZoomOut
FN:64,IconReset
FN:75,IconChevronLeft
FN:83,IconChevronRight
FN:91,IconTrash
FN:101,IconPlus
FN:109,IconClose
FN:117,IconDownload
FN:126,IconSearch
FN:135,IconPolygon
FN:143,IconBoundingBox
FN:154,IconLock
FN:163,IconUnlock
FN:172,IconChevronDown
FN:180,IconCode
FN:188,IconCopy
FN:197,IconStar
FN:205,IconStarFilled
FNF:22
FNH:22
FNDA:48,IconPencil
FNDA:55,IconCursor
FNDA:52,IconHand
FNDA:147,IconZoomIn
FNDA:147,IconZoomOut
FNDA:147,IconReset
FNDA:21,IconChevronLeft
FNDA:21,IconChevronRight
FNDA:34,IconTrash
FNDA:17,IconPlus
FNDA:13,IconClose
FNDA:8,IconDownload
FNDA:191,IconSearch
FNDA:44,IconPolygon
FNDA:3,IconBoundingBox
FNDA:4,IconLock
FNDA:136,IconUnlock
FNDA:159,IconChevronDown
FNDA:147,IconCode
FNDA:18,IconCopy
FNDA:444,IconStar
FNDA:2,IconStarFilled
DA:7,11
DA:18,48
DA:27,55
DA:36,52
DA:47,147
DA:56,147
DA:65,147
DA:76,21
DA:84,21
DA:92,34
DA:102,17
DA:110,13
DA:118,8
DA:127,191
DA:136,44
DA:144,3
DA:155,4
DA:164,136
DA:173,159
DA:181,147
DA:189,18
DA:198,444
DA:206,2
LF:23
LH:23
BRF:0
BRH:0
end_of_record
TN:
SF:src/components/common/Input.tsx
FN:5,Input
FNF:1
FNH:1
FNDA:207,Input
DA:6,207
LF:1
LH:1
BRDA:5,0,0,207
BRF:1
BRH:1
end_of_record
TN:
SF:src/hooks/use-canvas-drawing.ts
FN:21,useCanvasDrawing
FN:38,(anonymous_1)
FN:50,(anonymous_2)
FN:67,(anonymous_3)
FN:80,(anonymous_4)
FNF:5
FNH:5
FNDA:190,useCanvasDrawing
FNDA:32,(anonymous_1)
FNDA:16,(anonymous_2)
FNDA:16,(anonymous_3)
FNDA:9,(anonymous_4)
DA:29,190
DA:30,190
DA:37,190
DA:39,32
DA:40,32
DA:41,32
DA:49,190
DA:51,16
DA:52,14
DA:53,14
DA:55,14
DA:61,14
DA:66,190
DA:68,16
DA:69,13
DA:70,13
DA:72,13
DA:73,13
DA:74,13
DA:75,13
DA:80,190
DA:81,9
DA:82,8
DA:84,8
DA:85,8
DA:86,4
DA:88,8
DA:91,190
LF:28
LH:28
BRDA:51,0,0,2
BRDA:51,0,1,14
BRDA:68,1,0,3
BRDA:68,1,1,13
BRDA:81,2,0,1
BRDA:81,2,1,8
BRDA:85,3,0,4
BRDA:85,3,1,4
BRDA:85,4,0,8
BRDA:85,4,1,7
BRDA:85,4,2,4
BRF:11
BRH:11
end_of_record
TN:
SF:src/hooks/use-image-loader.ts
FN:11,useImageLoader
FN:16,(anonymous_1)
FN:37,(anonymous_2)
FN:48,(anonymous_3)
FNF:4
FNH:4
FNDA:166,useImageLoader
FNDA:42,(anonymous_1)
FNDA:34,(anonymous_2)
FNDA:1,(anonymous_3)
DA:9,2
DA:12,166
DA:13,166
DA:14,166
DA:16,166
DA:17,42
DA:18,2
DA:19,2
DA:20,2
DA:23,40
DA:24,40
DA:25,2
DA:26,2
DA:27,2
DA:28,2
DA:31,38
DA:32,38
DA:34,38
DA:35,38
DA:37,38
DA:38,34
DA:43,34
DA:44,34
DA:45,34
DA:48,38
DA:49,1
DA:50,1
DA:53,38
DA:56,166
LF:29
LH:29
BRDA:12,0,0,162
BRDA:12,0,1,4
BRDA:12,1,0,162
BRDA:12,1,1,103
BRDA:13,2,0,166
BRDA:13,2,1,103
BRDA:17,3,0,2
BRDA:17,3,1,40
BRDA:24,4,0,2
BRDA:24,4,1,38
BRF:10
BRH:10
end_of_record
TN:
SF:src/hooks/use-keyboard-shortcuts.ts
FN:18,useKeyboardShortcuts
FN:31,(anonymous_1)
FN:43,(anonymous_2)
FN:94,(anonymous_3)
FN:171,(anonymous_4)
FNF:5
FNH:5
FNDA:194,useKeyboardShortcuts
FNDA:81,(anonymous_1)
FNDA:65,(anonymous_2)
FNDA:2,(anonymous_3)
FNDA:81,(anonymous_4)
DA:28,194
DA:29,194
DA:31,194
DA:32,81
DA:33,81
DA:36,81
DA:37,81
DA:38,2
DA:39,3
DA:43,81
DA:44,65
DA:45,65
DA:46,3
DA:49,62
DA:50,2
DA:51,2
DA:52,2
DA:53,2
DA:57,60
DA:58,2
DA:59,2
DA:60,2
DA:61,1
DA:63,2
DA:67,58
DA:68,42
DA:69,4
DA:70,2
DA:71,2
DA:72,2
DA:73,38
DA:74,3
DA:75,2
DA:76,2
DA:77,2
DA:81,51
DA:82,9
DA:83,9
DA:84,42
DA:85,4
DA:86,4
DA:87,38
DA:88,4
DA:89,3
DA:90,3
DA:91,2
DA:92,2
DA:93,2
DA:94,2
DA:95,2
DA:96,2
DA:97,2
DA:100,2
DA:102,34
DA:103,3
DA:104,2
DA:105,2
DA:106,31
DA:107,2
DA:108,1
DA:109,1
DA:110,29
DA:111,3
DA:112,3
DA:113,3
DA:114,2
DA:116,26
DA:117,3
DA:118,3
DA:119,3
DA:120,2
DA:122,23
DA:123,1
DA:124,1
DA:125,1
DA:126,22
DA:127,1
DA:128,1
DA:129,1
DA:130,21
DA:131,2
DA:132,2
DA:133,19
DA:134,14
DA:135,13
DA:136,13
DA:138,13
DA:140,7
DA:141,7
DA:142,2
DA:143,2
DA:145,5
DA:146,4
DA:150,6
DA:151,6
DA:152,2
DA:153,2
DA:155,4
DA:156,3
DA:159,5
DA:161,3
DA:162,3
DA:163,3
DA:164,2
DA:165,2
DA:170,81
DA:171,81
LF:107
LH:107
BRDA:23,0,0,194
BRDA:24,1,0,194
BRDA:37,2,0,2
BRDA:37,2,1,79
BRDA:45,3,0,3
BRDA:45,3,1,62
BRDA:45,4,0,65
BRDA:45,4,1,64
BRDA:45,4,2,63
BRDA:49,5,0,2
BRDA:49,5,1,60
BRDA:57,6,0,2
BRDA:57,6,1,58
BRDA:60,7,0,1
BRDA:60,7,1,1
BRDA:67,8,0,42
BRDA:67,8,1,16
BRDA:68,9,0,4
BRDA:68,9,1,38
BRDA:69,10,0,2
BRDA:69,10,1,2
BRDA:73,11,0,3
BRDA:73,11,1,35
BRDA:74,12,0,1
BRDA:74,12,1,2
BRDA:81,13,0,9
BRDA:81,13,1,42
BRDA:84,14,0,4
BRDA:84,14,1,38
BRDA:87,15,0,4
BRDA:87,15,1,34
BRDA:87,16,0,38
BRDA:87,16,1,35
BRDA:88,17,0,1
BRDA:88,17,1,3
BRDA:90,18,0,2
BRDA:90,18,1,1
BRDA:95,19,0,2
BRDA:95,19,1,0
BRDA:102,20,0,3
BRDA:102,20,1,31
BRDA:103,21,0,1
BRDA:103,21,1,2
BRDA:106,22,0,2
BRDA:106,22,1,29
BRDA:107,23,0,1
BRDA:107,23,1,1
BRDA:110,24,0,3
BRDA:110,24,1,26
BRDA:113,25,0,2
BRDA:113,25,1,1
BRDA:116,26,0,3
BRDA:116,26,1,23
BRDA:119,27,0,2
BRDA:119,27,1,1
BRDA:122,28,0,1
BRDA:122,28,1,22
BRDA:126,29,0,1
BRDA:126,29,1,21
BRDA:130,30,0,2
BRDA:130,30,1,19
BRDA:133,31,0,14
BRDA:133,31,1,5
BRDA:133,32,0,19
BRDA:133,32,1,19
BRDA:133,32,2,14
BRDA:133,32,3,14
BRDA:134,33,0,1
BRDA:134,33,1,13
BRDA:138,34,0,7
BRDA:138,34,1,6
BRDA:138,35,0,13
BRDA:138,35,1,7
BRDA:141,36,0,2
BRDA:141,36,1,5
BRDA:142,37,0,2
BRDA:142,37,1,0
BRDA:145,38,0,4
BRDA:145,38,1,1
BRDA:151,39,0,2
BRDA:151,39,1,4
BRDA:152,40,0,2
BRDA:152,40,1,0
BRDA:155,41,0,3
BRDA:155,41,1,1
BRDA:159,42,0,3
BRDA:159,42,1,2
BRDA:159,43,0,5
BRDA:159,43,1,5
BRDA:159,43,2,3
BRDA:159,43,3,3
BRDA:162,44,0,3
BRDA:162,44,1,0
BRDA:163,45,0,1
BRDA:163,45,1,2
BRF:95
BRH:91
end_of_record
TN:
SF:src/hooks/use-polygon-drawing.ts
FN:16,usePolygonDrawing
FN:29,(anonymous_1)
FN:41,(anonymous_2)
FN:50,(anonymous_3)
FN:63,(anonymous_4)
FN:75,(anonymous_5)
FN:81,(anonymous_6)
FN:92,(anonymous_7)
FN:102,(anonymous_8)
FN:116,(anonymous_9)
FNF:10
FNH:10
FNDA:193,usePolygonDrawing
FNDA:24,(anonymous_1)
FNDA:1,(anonymous_2)
FNDA:3,(anonymous_3)
FNDA:24,(anonymous_4)
FNDA:22,(anonymous_5)
FNDA:2,(anonymous_6)
FNDA:2,(anonymous_7)
FNDA:3,(anonymous_8)
FNDA:1,(anonymous_9)
DA:5,2
DA:24,193
DA:25,193
DA:26,193
DA:28,193
DA:30,24
DA:31,24
DA:32,24
DA:40,193
DA:42,1
DA:43,1
DA:44,1
DA:49,193
DA:51,3
DA:52,3
DA:53,3
DA:55,3
DA:56,3
DA:57,3
DA:62,193
DA:64,24
DA:65,23
DA:66,23
DA:69,23
DA:70,1
DA:71,1
DA:74,22
DA:75,22
DA:80,193
DA:82,2
DA:84,2
DA:85,1
DA:91,193
DA:93,2
DA:94,1
DA:95,1
DA:96,1
DA:101,193
DA:103,3
DA:105,1
DA:106,1
DA:107,1
DA:108,2
DA:110,1
DA:116,193
DA:117,1
DA:118,1
DA:119,1
DA:122,193
LF:49
LH:49
BRDA:51,0,0,3
BRDA:51,0,1,0
BRDA:64,1,0,1
BRDA:64,1,1,23
BRDA:69,2,0,1
BRDA:69,2,1,22
BRDA:69,3,0,23
BRDA:69,3,1,1
BRDA:84,4,0,1
BRDA:84,4,1,1
BRDA:93,5,0,1
BRDA:93,5,1,1
BRDA:103,6,0,1
BRDA:103,6,1,2
BRDA:108,7,0,1
BRDA:108,7,1,1
BRDA:108,8,0,2
BRDA:108,8,1,2
BRF:18
BRH:17
end_of_record
TN:
SF:src/hooks/use-tag-search.ts
FN:10,useTagSearch
FN:19,(anonymous_1)
FN:24,(anonymous_2)
FN:30,(anonymous_3)
FN:40,(anonymous_4)
FN:42,(anonymous_5)
FN:46,(anonymous_6)
FN:52,(anonymous_7)
FN:54,(anonymous_8)
FN:61,(anonymous_9)
FNF:10
FNH:10
FNDA:225,useTagSearch
FNDA:16,(anonymous_1)
FNDA:6,(anonymous_2)
FNDA:36,(anonymous_3)
FNDA:56,(anonymous_4)
FNDA:15,(anonymous_5)
FNDA:56,(anonymous_6)
FNDA:56,(anonymous_7)
FNDA:121,(anonymous_8)
FNDA:1,(anonymous_9)
DA:11,225
DA:12,225
DA:13,225
DA:14,225
DA:15,225
DA:16,225
DA:18,225
DA:20,16
DA:21,6
DA:22,6
DA:23,6
DA:24,6
DA:25,6
DA:27,6
DA:30,10
DA:31,36
DA:33,10
DA:34,10
DA:40,225
DA:41,56
DA:42,56
DA:43,15
DA:44,15
DA:46,56
DA:47,56
DA:52,225
DA:53,56
DA:54,51
DA:55,121
DA:57,51
DA:61,225
DA:62,1
DA:63,1
DA:64,1
DA:65,1
DA:69,225
LF:36
LH:36
BRDA:10,0,0,225
BRDA:20,1,0,6
BRDA:20,1,1,10
BRDA:24,2,0,5
BRDA:24,2,1,1
BRDA:41,3,0,7
BRDA:41,3,1,49
BRDA:47,4,0,56
BRDA:47,4,1,0
BRDA:53,5,0,51
BRDA:53,5,1,5
BRDA:62,6,0,1
BRDA:62,6,1,0
BRDA:62,7,0,1
BRDA:62,7,1,1
BRF:15
BRH:13
end_of_record
TN:
SF:src/hooks/use-yolo-export.ts
FN:19,useYoloExport
FN:22,(anonymous_1)
FN:25,(anonymous_2)
FN:28,(anonymous_3)
FN:51,(anonymous_4)
FNF:5
FNH:5
FNDA:163,useYoloExport
FNDA:13,(anonymous_1)
FNDA:15,(anonymous_2)
FNDA:13,(anonymous_3)
FNDA:15,(anonymous_4)
DA:20,163
DA:22,163
DA:23,13
DA:24,13
DA:26,15
DA:28,15
DA:29,15
DA:30,10
DA:31,15
DA:34,15
DA:35,1
DA:36,9
DA:37,1
DA:40,8
DA:43,10
DA:51,15
DA:54,163
LF:17
LH:17
BRDA:19,0,0,163
BRDA:29,1,0,5
BRDA:29,1,1,10
BRDA:30,2,0,10
BRDA:30,2,1,1
BRDA:31,3,0,15
BRDA:31,3,1,1
BRDA:34,4,0,1
BRDA:34,4,1,9
BRDA:36,5,0,1
BRDA:36,5,1,8
BRF:11
BRH:11
end_of_record
TN:
SF:src/stores/annotation-store.ts
FN:29,pushHistory
FN:36,(anonymous_1)
FN:37,(anonymous_2)
FN:42,(anonymous_3)
FN:44,(anonymous_4)
FN:45,(anonymous_5)
FN:56,(anonymous_6)
FN:57,(anonymous_7)
FN:63,(anonymous_8)
FN:68,(anonymous_9)
FN:69,(anonymous_10)
FN:75,(anonymous_11)
FN:80,(anonymous_12)
FN:81,(anonymous_13)
FN:86,(anonymous_14)
FN:88,(anonymous_15)
FN:89,(anonymous_16)
FN:99,(anonymous_17)
FN:100,(anonymous_18)
FNF:19
FNH:19
FNDA:124,pushHistory
FNDA:206,(anonymous_1)
FNDA:206,(anonymous_2)
FNDA:19,(anonymous_3)
FNDA:106,(anonymous_4)
FNDA:106,(anonymous_5)
FNDA:4,(anonymous_6)
FNDA:4,(anonymous_7)
FNDA:7,(anonymous_8)
FNDA:11,(anonymous_9)
FNDA:11,(anonymous_10)
FNDA:14,(anonymous_11)
FNDA:3,(anonymous_12)
FNDA:3,(anonymous_13)
FNDA:3,(anonymous_14)
FNDA:15,(anonymous_15)
FNDA:15,(anonymous_16)
FNDA:5,(anonymous_17)
FNDA:5,(anonymous_18)
DA:4,12
DA:30,124
DA:36,206
DA:37,206
DA:42,19
DA:45,106
DA:46,106
DA:47,106
DA:57,4
DA:58,4
DA:59,4
DA:63,7
DA:69,11
DA:70,11
DA:71,11
DA:75,14
DA:81,3
DA:86,3
DA:89,15
DA:90,15
DA:91,14
DA:92,14
DA:100,5
DA:101,5
DA:102,4
DA:103,4
LF:26
LH:26
BRDA:38,0,0,206
BRDA:38,0,1,180
BRDA:42,1,0,19
BRDA:42,1,1,5
BRDA:46,2,0,106
BRDA:46,2,1,37
BRDA:58,3,0,4
BRDA:58,3,1,0
BRDA:63,4,0,4
BRDA:63,4,1,3
BRDA:70,5,0,11
BRDA:70,5,1,0
BRDA:90,6,0,1
BRDA:90,6,1,14
BRDA:101,7,0,1
BRDA:101,7,1,4
BRF:16
BRH:14
end_of_record
TN:
SF:src/stores/provider.tsx
FN:20,StoreProvider
FN:32,useStoreContext
FN:38,useAnnotationStore
FN:43,useUIStore
FN:48,useAnnotationStoreApi
FN:52,useUIStoreApi
FNF:6
FNH:6
FNDA:176,StoreProvider
FNDA:7613,useStoreContext
FNDA:864,useAnnotationStore
FNDA:5800,useUIStore
FNDA:556,useAnnotationStoreApi
FNDA:393,useUIStoreApi
DA:12,11
DA:21,176
DA:22,176
DA:23,176
DA:29,176
DA:33,7613
DA:34,7613
DA:35,7597
DA:39,864
DA:40,864
DA:44,5800
DA:45,5800
DA:49,556
DA:53,393
LF:14
LH:14
BRDA:22,0,0,176
BRDA:22,0,1,0
BRDA:34,1,0,16
BRDA:34,1,1,7597
BRF:4
BRH:3
end_of_record
TN:
SF:src/stores/ui-store.ts
FN:34,(anonymous_0)
FN:35,(anonymous_1)
FN:47,(anonymous_2)
FN:48,(anonymous_3)
FN:49,(anonymous_4)
FN:50,(anonymous_5)
FN:51,(anonymous_6)
FN:52,(anonymous_7)
FN:53,(anonymous_8)
FN:54,(anonymous_9)
FN:55,(anonymous_10)
FN:56,(anonymous_11)
FN:57,(anonymous_12)
FN:58,(anonymous_13)
FN:64,(anonymous_14)
FN:65,(anonymous_15)
FN:66,(anonymous_16)
FNF:17
FNH:17
FNDA:219,(anonymous_0)
FNDA:219,(anonymous_1)
FNDA:36,(anonymous_2)
FNDA:48,(anonymous_3)
FNDA:11,(anonymous_4)
FNDA:17,(anonymous_5)
FNDA:17,(anonymous_6)
FNDA:7,(anonymous_7)
FNDA:4,(anonymous_8)
FNDA:8,(anonymous_9)
FNDA:5,(anonymous_10)
FNDA:5,(anonymous_11)
FNDA:24,(anonymous_12)
FNDA:24,(anonymous_13)
FNDA:4,(anonymous_14)
FNDA:4,(anonymous_15)
FNDA:5,(anonymous_16)
DA:34,219
DA:35,219
DA:47,36
DA:48,48
DA:49,11
DA:50,17
DA:51,17
DA:52,7
DA:53,4
DA:54,8
DA:55,5
DA:56,5
DA:58,24
DA:59,24
DA:60,2
DA:62,22
DA:65,4
DA:66,5
LF:18
LH:18
BRDA:45,0,0,219
BRDA:45,0,1,215
BRDA:59,1,0,2
BRDA:59,1,1,22
BRDA:59,2,0,24
BRDA:59,2,1,23
BRF:6
BRH:6
end_of_record
TN:
SF:src/utils/canvas-renderer.ts
FN:3,colorWithAlpha
FN:24,drawImage
FN:39,drawCrosshair
FN:62,drawDrawingBox
FN:82,drawDrawingPolygon
FNF:5
FNH:5
FNDA:20,colorWithAlpha
FNDA:58,drawImage
FNDA:7,drawCrosshair
FNDA:13,drawDrawingBox
FNDA:12,drawDrawingPolygon
DA:5,20
DA:6,17
DA:7,17
DA:8,17
DA:9,17
DA:10,17
DA:11,17
DA:14,3
DA:15,1
DA:18,2
DA:19,1
DA:21,1
DA:31,58
DA:32,58
DA:33,58
DA:34,58
DA:35,58
DA:36,58
DA:44,7
DA:45,7
DA:46,7
DA:47,7
DA:49,7
DA:50,7
DA:51,7
DA:52,7
DA:54,7
DA:55,7
DA:56,7
DA:57,7
DA:59,7
DA:70,13
DA:71,13
DA:72,13
DA:73,13
DA:74,13
DA:75,13
DA:76,13
DA:77,13
DA:78,13
DA:79,13
DA:91,12
DA:93,11
DA:94,11
DA:95,11
DA:97,11
DA:98,11
DA:101,11
DA:102,7
DA:103,7
DA:104,7
DA:105,9
DA:107,7
DA:108,1
DA:110,7
DA:111,7
DA:112,7
DA:116,11
DA:117,11
DA:118,11
DA:119,11
DA:120,11
DA:121,11
DA:122,9
DA:124,11
DA:125,1
DA:127,1
DA:128,1
DA:129,1
DA:130,1
DA:131,1
DA:132,1
DA:133,1
DA:135,10
DA:139,11
DA:140,11
DA:141,20
DA:142,20
DA:143,20
DA:144,20
DA:145,20
DA:146,20
DA:147,20
DA:150,11
LF:84
LH:84
BRDA:5,0,0,17
BRDA:5,0,1,3
BRDA:7,1,0,1
BRDA:7,1,1,16
BRDA:14,2,0,1
BRDA:14,2,1,2
BRDA:18,3,0,1
BRDA:18,3,1,1
BRDA:91,4,0,1
BRDA:91,4,1,11
BRDA:101,5,0,7
BRDA:101,5,1,4
BRDA:107,6,0,1
BRDA:107,6,1,6
BRDA:124,7,0,1
BRDA:124,7,1,10
BRDA:143,8,0,11
BRDA:143,8,1,9
BRF:18
BRH:18
end_of_record
TN:
SF:src/utils/geometry.ts
FN:3,normalizeBox
FN:12,clampBox
FN:23,pointInBox
FN:27,boxesIntersect
FN:33,getResizeHandle
FN:61,applyResize
FN:119,moveBox
FN:126,pointInPolygon
FN:143,polygonBounds
FN:164,closePolygon
FN:179,simplifyPolygon
FN:212,perpendicularDistance
FNF:12
FNH:12
FNDA:20,normalizeBox
FNDA:18,clampBox
FNDA:13,pointInBox
FNDA:7,boxesIntersect
FNDA:22,getResizeHandle
FNDA:13,applyResize
FNDA:4,moveBox
FNDA:9,pointInPolygon
FNDA:28,polygonBounds
FNDA:5,closePolygon
FNDA:13,simplifyPolygon
FNDA:10,perpendicularDistance
DA:4,20
DA:13,18
DA:14,18
DA:15,18
DA:24,13
DA:28,7
DA:39,22
DA:40,22
DA:41,22
DA:42,22
DA:44,22
DA:45,22
DA:46,22
DA:47,22
DA:49,22
DA:50,19
DA:51,17
DA:52,15
DA:53,13
DA:54,11
DA:55,9
DA:56,7
DA:58,5
DA:67,13
DA:69,13
DA:71,2
DA:72,2
DA:73,2
DA:74,2
DA:75,2
DA:77,1
DA:78,1
DA:79,1
DA:80,1
DA:82,1
DA:83,1
DA:84,1
DA:85,1
DA:87,1
DA:88,1
DA:89,1
DA:91,3
DA:92,3
DA:93,3
DA:95,1
DA:96,1
DA:98,3
DA:99,3
DA:100,3
DA:102,1
DA:103,1
DA:107,13
DA:108,3
DA:109,3
DA:111,13
DA:112,3
DA:113,3
DA:116,13
DA:120,4
DA:127,9
DA:128,9
DA:129,33
DA:130,33
DA:131,33
DA:132,33
DA:134,33
DA:135,33
DA:137,9
DA:144,28
DA:145,1
DA:147,27
DA:148,27
DA:149,27
DA:150,27
DA:151,27
DA:152,99
DA:153,99
DA:154,99
DA:155,99
DA:157,27
DA:165,5
DA:166,3
DA:167,3
DA:168,3
DA:169,1
DA:171,2
DA:180,13
DA:183,6
DA:184,6
DA:186,6
DA:187,6
DA:189,6
DA:190,10
DA:191,10
DA:192,6
DA:193,6
DA:198,6
DA:199,3
DA:200,3
DA:202,3
DA:206,3
DA:217,10
DA:218,10
DA:220,10
DA:222,1
DA:225,9
DA:226,9
DA:227,9
LF:108
LH:108
BRDA:24,0,0,13
BRDA:24,0,1,11
BRDA:24,0,2,10
BRDA:24,0,3,9
BRDA:28,1,0,7
BRDA:28,1,1,5
BRDA:28,1,2,5
BRDA:28,1,3,4
BRDA:37,2,0,22
BRDA:49,3,0,3
BRDA:49,3,1,19
BRDA:49,4,0,22
BRDA:49,4,1,7
BRDA:50,5,0,2
BRDA:50,5,1,17
BRDA:50,6,0,19
BRDA:50,6,1,4
BRDA:51,7,0,2
BRDA:51,7,1,15
BRDA:51,8,0,17
BRDA:51,8,1,6
BRDA:52,9,0,2
BRDA:52,9,1,13
BRDA:52,10,0,15
BRDA:52,10,1,4
BRDA:53,11,0,2
BRDA:53,11,1,11
BRDA:53,12,0,13
BRDA:53,12,1,2
BRDA:53,12,2,2
BRDA:54,13,0,2
BRDA:54,13,1,9
BRDA:54,14,0,11
BRDA:54,14,1,2
BRDA:54,14,2,2
BRDA:55,15,0,2
BRDA:55,15,1,7
BRDA:55,16,0,9
BRDA:55,16,1,2
BRDA:55,16,2,2
BRDA:56,17,0,2
BRDA:56,17,1,5
BRDA:56,18,0,7
BRDA:56,18,1,2
BRDA:56,18,2,2
BRDA:69,19,0,2
BRDA:69,19,1,1
BRDA:69,19,2,1
BRDA:69,19,3,1
BRDA:69,19,4,3
BRDA:69,19,5,1
BRDA:69,19,6,3
BRDA:69,19,7,1
BRDA:107,20,0,3
BRDA:107,20,1,10
BRDA:111,21,0,3
BRDA:111,21,1,10
BRDA:134,22,0,33
BRDA:134,22,1,12
BRDA:135,23,0,4
BRDA:135,23,1,29
BRDA:144,24,0,1
BRDA:144,24,1,27
BRDA:152,25,0,30
BRDA:152,25,1,69
BRDA:153,26,0,29
BRDA:153,26,1,70
BRDA:154,27,0,61
BRDA:154,27,1,38
BRDA:155,28,0,63
BRDA:155,28,1,36
BRDA:165,29,0,2
BRDA:165,29,1,3
BRDA:168,30,0,1
BRDA:168,30,1,2
BRDA:168,31,0,3
BRDA:168,31,1,1
BRDA:180,32,0,7
BRDA:180,32,1,6
BRDA:191,33,0,6
BRDA:191,33,1,4
BRDA:198,34,0,3
BRDA:198,34,1,3
BRDA:220,35,0,1
BRDA:220,35,1,9
BRDA:220,36,0,10
BRDA:220,36,1,1
BRF:87
BRH:87
end_of_record
TN:
SF:src/utils/keyboard-map.ts
FN:21,matchesShortcut
FNF:1
FNH:1
FNDA:569,matchesShortcut
DA:3,3
DA:22,569
DA:23,569
DA:24,569
DA:25,569
DA:26,569
DA:27,569
DA:29,569
DA:31,569
DA:32,459
DA:33,454
DA:34,451
DA:35,449
DA:36,375
DA:38,370
LF:15
LH:15
BRDA:29,0,0,569
BRDA:29,0,1,460
BRDA:31,1,0,110
BRDA:31,1,1,459
BRDA:31,2,0,569
BRDA:31,2,1,150
BRDA:32,3,0,5
BRDA:32,3,1,454
BRDA:32,4,0,459
BRDA:32,4,1,12
BRDA:33,5,0,3
BRDA:33,5,1,451
BRDA:33,6,0,454
BRDA:33,6,1,5
BRDA:34,7,0,2
BRDA:34,7,1,449
BRDA:34,8,0,451
BRDA:34,8,1,6
BRDA:35,9,0,74
BRDA:35,9,1,375
BRDA:35,10,0,449
BRDA:35,10,1,415
BRDA:35,10,2,75
BRDA:35,10,3,75
BRDA:36,11,0,5
BRDA:36,11,1,370
BRDA:36,12,0,375
BRDA:36,12,1,369
BRDA:36,12,2,5
BRDA:38,13,0,370
BRDA:38,13,1,302
BRF:31
BRH:31
end_of_record
TN:
SF:src/utils/yolo-format.ts
FN:16,toYoloAnnotation
FN:31,fromYoloAnnotation
FN:49,toYoloTxt
FN:55,(anonymous_3)
FN:57,(anonymous_4)
FN:77,parseYoloTxt
FN:84,(anonymous_6)
FN:86,(anonymous_7)
FN:115,toYoloSegmentation
FN:123,(anonymous_9)
FN:130,fromYoloSegmentation
FN:135,(anonymous_11)
FN:143,formatSegmentationLine
FN:149,(anonymous_13)
FN:153,toYoloSegmentationTxt
FN:159,(anonymous_15)
FN:161,(anonymous_16)
FN:171,parseYoloSegmentationTxt
FN:178,(anonymous_18)
FN:180,(anonymous_19)
FN:214,toYoloOBB
FN:222,(anonymous_21)
FN:229,fromYoloOBB
FN:234,(anonymous_23)
FN:242,formatOBBLine
FN:250,(anonymous_25)
FN:255,toYoloOBBTxt
FN:261,(anonymous_27)
FN:263,(anonymous_28)
FN:273,parseYoloOBBTxt
FN:280,(anonymous_30)
FN:282,(anonymous_31)
FN:324,detectYoloFormat
FN:337,parseYoloAutoTxt
FN:344,(anonymous_34)
FN:346,(anonymous_35)
FN:417,toYoloClassificationTxt
FN:421,(anonymous_37)
FN:423,(anonymous_38)
FN:424,(anonymous_39)
FNF:40
FNH:40
FNDA:39,toYoloAnnotation
FNDA:22,fromYoloAnnotation
FNDA:24,toYoloTxt
FNDA:55,(anonymous_3)
FNDA:37,(anonymous_4)
FNDA:6,parseYoloTxt
FNDA:18,(anonymous_6)
FNDA:17,(anonymous_7)
FNDA:4,toYoloSegmentation
FNDA:16,(anonymous_9)
FNDA:2,fromYoloSegmentation
FNDA:9,(anonymous_11)
FNDA:7,formatSegmentationLine
FNDA:25,(anonymous_13)
FNDA:8,toYoloSegmentationTxt
FNDA:23,(anonymous_15)
FNDA:9,(anonymous_16)
FNDA:7,parseYoloSegmentationTxt
FNDA:21,(anonymous_18)
FNDA:11,(anonymous_19)
FNDA:3,toYoloOBB
FNDA:12,(anonymous_21)
FNDA:2,fromYoloOBB
FNDA:8,(anonymous_23)
FNDA:7,formatOBBLine
FNDA:28,(anonymous_25)
FNDA:8,toYoloOBBTxt
FNDA:23,(anonymous_27)
FNDA:9,(anonymous_28)
FNDA:7,parseYoloOBBTxt
FNDA:21,(anonymous_30)
FNDA:10,(anonymous_31)
FNDA:27,detectYoloFormat
FNDA:9,parseYoloAutoTxt
FNDA:27,(anonymous_34)
FNDA:17,(anonymous_35)
FNDA:7,toYoloClassificationTxt
FNDA:19,(anonymous_37)
FNDA:10,(anonymous_38)
FNDA:7,(anonymous_39)
DA:22,39
DA:36,22
DA:37,22
DA:38,22
DA:55,55
DA:56,24
DA:58,37
DA:59,37
DA:62,36
DA:63,37
DA:64,1
DA:66,35
DA:67,1
DA:70,34
DA:71,34
DA:84,18
DA:85,6
DA:86,17
DA:87,6
DA:88,15
DA:89,15
DA:90,13
DA:97,13
DA:98,13
DA:99,12
DA:100,12
DA:108,6
DA:121,4
DA:123,16
DA:135,9
DA:139,2
DA:140,2
DA:149,25
DA:150,7
DA:159,23
DA:160,8
DA:162,9
DA:163,9
DA:164,8
DA:165,6
DA:178,21
DA:179,7
DA:180,11
DA:181,7
DA:182,9
DA:184,9
DA:185,7
DA:186,7
DA:187,7
DA:189,6
DA:190,6
DA:191,20
DA:197,6
DA:198,6
DA:207,7
DA:220,3
DA:222,12
DA:234,8
DA:238,2
DA:239,2
DA:248,7
DA:250,28
DA:252,7
DA:261,23
DA:262,8
DA:264,9
DA:265,9
DA:266,8
DA:267,6
DA:280,21
DA:281,7
DA:282,10
DA:283,7
DA:284,9
DA:286,9
DA:287,7
DA:288,7
DA:289,7
DA:291,6
DA:292,6
DA:293,24
DA:299,6
DA:300,6
DA:309,7
DA:325,27
DA:326,27
DA:327,27
DA:328,17
DA:329,13
DA:330,9
DA:344,27
DA:345,9
DA:346,17
DA:347,9
DA:348,14
DA:349,14
DA:351,13
DA:352,13
DA:353,13
DA:354,13
DA:356,12
DA:357,7
DA:364,7
DA:365,7
DA:372,7
DA:376,5
DA:377,5
DA:378,22
DA:383,5
DA:385,5
DA:386,3
DA:396,2
DA:406,9
DA:421,19
DA:422,7
DA:423,10
DA:425,7
DA:426,7
DA:427,6
LF:119
LH:119
BRDA:59,0,0,1
BRDA:59,0,1,36
BRDA:62,1,0,36
BRDA:62,1,1,0
BRDA:63,2,0,1
BRDA:63,2,1,36
BRDA:63,3,0,37
BRDA:63,3,1,1
BRDA:66,4,0,1
BRDA:66,4,1,34
BRDA:66,5,0,35
BRDA:66,5,1,1
BRDA:66,5,2,1
BRDA:89,6,0,2
BRDA:89,6,1,13
BRDA:98,7,0,1
BRDA:98,7,1,12
BRDA:163,8,0,1
BRDA:163,8,1,8
BRDA:164,9,0,2
BRDA:164,9,1,6
BRDA:164,10,0,8
BRDA:164,10,1,7
BRDA:184,11,0,2
BRDA:184,11,1,7
BRDA:184,12,0,9
BRDA:184,12,1,7
BRDA:187,13,0,1
BRDA:187,13,1,6
BRDA:265,14,0,1
BRDA:265,14,1,8
BRDA:266,15,0,2
BRDA:266,15,1,6
BRDA:266,16,0,8
BRDA:266,16,1,7
BRDA:286,17,0,2
BRDA:286,17,1,7
BRDA:289,18,0,1
BRDA:289,18,1,6
BRDA:327,19,0,10
BRDA:327,19,1,17
BRDA:328,20,0,4
BRDA:328,20,1,13
BRDA:329,21,0,4
BRDA:329,21,1,9
BRDA:329,22,0,13
BRDA:329,22,1,6
BRDA:349,23,0,1
BRDA:349,23,1,13
BRDA:354,24,0,1
BRDA:354,24,1,12
BRDA:356,25,0,7
BRDA:356,25,1,5
BRDA:385,26,0,3
BRDA:385,26,1,2
BRDA:426,27,0,1
BRDA:426,27,1,6
BRF:57
BRH:56
end_of_record
